[2025-11-21T12:21:27.413Z] Session START: 21_11_2025_19_21_viet_tester
[2025-11-21T12:21:54.433Z] Upload Q1 → 21_11_2025_19_21_viet_tester
[2025-11-21T12:31:08.343Z] Session START: 21_11_2025_19_31_viet_tester
[2025-11-21T12:31:41.428Z] Session START: 21_11_2025_19_31_viet_tester
[2025-12-06T19:36:33+07:00] Session START: 06_12_2025_19_36_guest
[2025-12-06T19:36:40+07:00] Upload Q1 → 06_12_2025_19_36_guest
[2025-12-06T19:36:56+07:00] Upload Q2 → 06_12_2025_19_36_guest
[2025-12-06T19:37:00+07:00] Upload Q3 → 06_12_2025_19_36_guest
[2025-12-06T19:37:04+07:00] Upload Q4 → 06_12_2025_19_36_guest
[2025-12-06T19:37:07+07:00] Upload Q5 → 06_12_2025_19_36_guest
[2025-12-06T19:47:45+07:00] Session START: 06_12_2025_19_47_guest
[2025-12-06T19:47:49+07:00] Upload Q1 → 06_12_2025_19_47_guest
[2025-12-06T19:47:56+07:00] Upload Q2 → 06_12_2025_19_47_guest
[2025-12-06T19:47:58+07:00] Upload Q3 → 06_12_2025_19_47_guest
[2025-12-06T19:47:59+07:00] Upload Q4 → 06_12_2025_19_47_guest
[2025-12-06T19:48:02+07:00] Upload Q5 → 06_12_2025_19_47_guest
[2025-12-06T19:55:01+07:00] Session START: 06_12_2025_19_55_guest
[2025-12-06T20:01:05+07:00] Session START: 06_12_2025_20_01_guest
[2025-12-06T20:01:12+07:00] Upload Q1 → 06_12_2025_20_01_guest
[2025-12-06T20:01:13+07:00] Upload Q2 → 06_12_2025_20_01_guest
[2025-12-06T20:01:17+07:00] Upload Q3 → 06_12_2025_20_01_guest
[2025-12-06T20:01:29+07:00] Upload Q4 → 06_12_2025_20_01_guest
[2025-12-06T20:01:34+07:00] Upload Q5 → 06_12_2025_20_01_guest
[2025-12-06T20:10:40+07:00] Session START: 06_12_2025_20_10_guest
[2025-12-06T20:10:48+07:00] Upload Q1 → 06_12_2025_20_10_guest
[2025-12-06T20:10:49+07:00] Upload Q2 → 06_12_2025_20_10_guest
[2025-12-06T20:10:51+07:00] Upload Q3 → 06_12_2025_20_10_guest
[2025-12-06T20:10:52+07:00] Upload Q4 → 06_12_2025_20_10_guest
[2025-12-06T21:48:17+07:00] Session START: 06_12_2025_21_48_guest
[2025-12-06T21:48:22+07:00] Upload Q1 → 06_12_2025_21_48_guest
[2025-12-06T21:48:30+07:00] Upload Q2 → 06_12_2025_21_48_guest
[2025-12-06T21:48:38+07:00] Upload Q3 → 06_12_2025_21_48_guest
[2025-12-06T21:48:44+07:00] Upload Q4 → 06_12_2025_21_48_guest
[2025-12-06T21:48:48+07:00] Upload Q5 → 06_12_2025_21_48_guest
[2025-12-06T23:30:25+07:00] Session START: 06_12_2025_23_30_guest
[2025-12-06T23:30:39+07:00] Upload Q1 → 06_12_2025_23_30_guest
[2025-12-07T00:30:36+07:00] Session START: 07_12_2025_00_30_guest
[2025-12-07T00:30:45+07:00] Upload Q1 → 07_12_2025_00_30_guest
[2025-12-07T00:44:17+07:00] Session START: 07_12_2025_00_44_guest
[2025-12-07T00:50:17+07:00] Session START: 07_12_2025_00_50_guest
[2025-12-07T00:55:49+07:00] Session START: 07_12_2025_00_55_guest
[2025-12-07T01:11:47+07:00] Session START: 07_12_2025_01_11_guest
[2025-12-07T04:11:10.844Z] START: 2025-12-07T04_11_10_843Z_guest
